<?xml version="1.0" encoding="UTF-8"?>
<!-- Generated by org.testng.reporters.JUnitReportReporter -->
<testsuite hostname="DESKTOP-2JQ4EAS" failures="0" tests="2" name="test.ProductDescriptionTest" time="0.477" errors="0" timestamp="2022-09-02T01:16:05 IST" skipped="0">
  <testcase classname="test.ProductDescriptionTest" name="verifyBackToProduct" time="0.322"/>
  <system-out/>
  <testcase classname="test.ProductDescriptionTest" name="verifyAddToCart" time="0.155"/>
  <system-out/>
</testsuite> <!-- test.ProductDescriptionTest -->
