<?xml version="1.0" encoding="UTF-8"?>
<!-- Generated by org.testng.reporters.JUnitReportReporter -->
<testsuite hostname="DESKTOP-2JQ4EAS" failures="0" tests="2" name="test.ProductDescriptionTest" time="0.513" errors="0" timestamp="2022-09-16T20:38:08 IST" skipped="0">
  <testcase classname="test.ProductDescriptionTest" name="verifyBackToProduct" time="0.437"/>
  <system-out/>
  <testcase classname="test.ProductDescriptionTest" name="verifyAddToCart" time="0.076"/>
  <system-out/>
</testsuite> <!-- test.ProductDescriptionTest -->
