<?xml version="1.0" encoding="UTF-8"?>
<!-- Generated by org.testng.reporters.JUnitReportReporter -->
<testsuite hostname="DESKTOP-2JQ4EAS" failures="0" tests="4" name="test.ProductTest" time="1.338" errors="0" timestamp="2022-09-02T01:16:05 IST" skipped="0">
  <testcase classname="test.ProductTest" name="verifyTitleofPage" time="0.113"/>
  <system-out/>
  <testcase classname="test.ProductTest" name="verifyElipsis" time="0.429"/>
  <system-out/>
  <testcase classname="test.ProductTest" name="verifyFilter" time="0.484"/>
  <system-out/>
  <testcase classname="test.ProductTest" name="verifyProductSelection" time="0.312"/>
  <system-out/>
</testsuite> <!-- test.ProductTest -->
