<?xml version="1.0" encoding="UTF-8"?>
<!-- Generated by org.testng.reporters.JUnitReportReporter -->
<testsuite hostname="DESKTOP-2JQ4EAS" failures="0" tests="3" name="test.LoginTest" time="0.619" errors="0" timestamp="2022-09-16T20:38:08 IST" skipped="0">
  <testcase classname="test.LoginTest" name="verifyUrl" time="0.029"/>
  <system-out/>
  <testcase classname="test.LoginTest" name="verifyTitle" time="0.063"/>
  <system-out/>
  <testcase classname="test.LoginTest" name="verifyLoginPage" time="0.527"/>
  <system-out/>
</testsuite> <!-- test.LoginTest -->
